[CRAWLER][INFO] 2018-09-25 01:22:19,097 - LAST UPDATE: 2017-11-17 00:00:00
[CRAWLER][INFO] 2018-09-25 01:22:19,105 - TODAY IS: 2018-09-25
[CRAWLER][INFO] 2018-09-25 01:22:19,458 - Stock is not open on 2017-11-18.
[CRAWLER][INFO] 2018-09-25 01:22:19,664 - Stock is not open on 2017-11-19.
[CRAWLER][INFO] 2018-09-25 01:22:25,771 - Stock is not open on 2017-11-25.
[CRAWLER][INFO] 2018-09-25 01:22:25,961 - Stock is not open on 2017-11-26.
[CRAWLER][ERROR] 2018-09-25 01:22:30,356 - [insert_volume][2017-11-30] list index out of range
[CRAWLER][ERROR] 2018-09-25 01:22:48,016 - [insert_3_BS][2017-11-30] HTTPConnectionPool(host='www.tse.com.tw', port=80): Max retries exceeded with url: /fund/BFI82U?response=json&dayDate=20171130 (Caused by NewConnectionError('<requests.packages.urllib3.connection.HTTPConnection object at 0x000001D991EA3BE0>: Failed to establish a new connection: [WinError 10061] 無法連線，因為目標電腦拒絕連線。',))
[CRAWLER][INFO] 2018-09-25 01:23:10,812 - Stock is not open on 2017-12-01.
[CRAWLER][INFO] 2018-09-25 01:23:11,027 - Stock is not open on 2017-12-02.
[CRAWLER][INFO] 2018-09-25 01:23:11,269 - Stock is not open on 2017-12-03.
[CRAWLER][INFO] 2018-09-25 01:23:26,226 - Stock is not open on 2017-12-04.
[CRAWLER][INFO] 2018-09-25 01:23:43,374 - Stock is not open on 2017-12-05.
[CRAWLER][INFO] 2018-09-25 01:24:00,614 - Stock is not open on 2017-12-06.
[CRAWLER][INFO] 2018-09-25 01:24:15,040 - Stock is not open on 2017-12-07.
[CRAWLER][INFO] 2018-09-25 01:24:30,056 - Stock is not open on 2017-12-08.
[CRAWLER][INFO] 2018-09-25 01:24:30,285 - Stock is not open on 2017-12-09.
[CRAWLER][INFO] 2018-09-25 01:24:30,494 - Stock is not open on 2017-12-10.
[CRAWLER][INFO] 2018-09-25 01:24:46,712 - Stock is not open on 2017-12-11.
[CRAWLER][INFO] 2018-09-25 01:25:02,014 - Stock is not open on 2017-12-12.
[CRAWLER][INFO] 2018-09-25 01:25:16,617 - Stock is not open on 2017-12-13.
[CRAWLER][INFO] 2018-09-25 01:25:33,543 - Stock is not open on 2017-12-14.
[CRAWLER][INFO] 2018-09-25 01:25:47,751 - Stock is not open on 2017-12-15.
[CRAWLER][INFO] 2018-09-25 01:25:48,012 - Stock is not open on 2017-12-16.
[CRAWLER][INFO] 2018-09-25 01:25:48,193 - Stock is not open on 2017-12-17.
[CRAWLER][INFO] 2018-09-25 01:26:02,542 - Stock is not open on 2017-12-18.
[CRAWLER][INFO] 2018-09-25 01:26:21,047 - Stock is not open on 2017-12-19.
[CRAWLER][INFO] 2018-09-25 01:26:36,606 - Stock is not open on 2017-12-20.
[CRAWLER][INFO] 2018-09-25 01:26:51,677 - Stock is not open on 2017-12-21.
[CRAWLER][INFO] 2018-09-25 01:26:53,079 - Stock is not open on 2017-12-22.
[CRAWLER][INFO] 2018-09-25 01:26:53,266 - Stock is not open on 2017-12-23.
[CRAWLER][INFO] 2018-09-25 01:26:53,418 - Stock is not open on 2017-12-24.
[CRAWLER][INFO] 2018-09-25 01:26:54,849 - Stock is not open on 2017-12-25.
[CRAWLER][INFO] 2018-09-25 01:26:56,271 - Stock is not open on 2017-12-26.
[CRAWLER][INFO] 2018-09-25 01:26:57,735 - Stock is not open on 2017-12-27.
[CRAWLER][INFO] 2018-09-25 01:26:59,128 - Stock is not open on 2017-12-28.
[CRAWLER][INFO] 2018-09-25 01:27:00,514 - Stock is not open on 2017-12-29.
[CRAWLER][INFO] 2018-09-25 01:27:00,695 - Stock is not open on 2017-12-30.
[CRAWLER][INFO] 2018-09-25 01:27:00,861 - Stock is not open on 2017-12-31.
[CRAWLER][INFO] 2018-09-25 01:27:01,020 - Stock is not open on 2018-01-01.
[CRAWLER][INFO] 2018-09-25 01:27:02,387 - Stock is not open on 2018-01-02.
[CRAWLER][INFO] 2018-09-25 01:27:03,823 - Stock is not open on 2018-01-03.
[CRAWLER][INFO] 2018-09-25 01:27:05,259 - Stock is not open on 2018-01-04.
[CRAWLER][INFO] 2018-09-25 01:27:06,699 - Stock is not open on 2018-01-05.
[CRAWLER][INFO] 2018-09-25 01:27:06,886 - Stock is not open on 2018-01-06.
[CRAWLER][INFO] 2018-09-25 01:27:07,060 - Stock is not open on 2018-01-07.
[CRAWLER][INFO] 2018-09-25 01:27:08,395 - Stock is not open on 2018-01-08.
[CRAWLER][INFO] 2018-09-25 01:27:09,835 - Stock is not open on 2018-01-09.
[CRAWLER][INFO] 2018-09-25 01:27:11,267 - Stock is not open on 2018-01-10.
[CRAWLER][INFO] 2018-09-25 01:27:12,683 - Stock is not open on 2018-01-11.
[CRAWLER][INFO] 2018-09-25 01:27:14,092 - Stock is not open on 2018-01-12.
[CRAWLER][INFO] 2018-09-25 01:27:14,296 - Stock is not open on 2018-01-13.
[CRAWLER][INFO] 2018-09-25 01:27:14,485 - Stock is not open on 2018-01-14.
[CRAWLER][INFO] 2018-09-25 01:27:16,047 - Stock is not open on 2018-01-15.
[CRAWLER][INFO] 2018-09-25 01:27:17,471 - Stock is not open on 2018-01-16.
[CRAWLER][INFO] 2018-09-25 01:27:18,853 - Stock is not open on 2018-01-17.
[CRAWLER][INFO] 2018-09-25 01:27:20,235 - Stock is not open on 2018-01-18.
[CRAWLER][INFO] 2018-09-25 01:27:21,633 - Stock is not open on 2018-01-19.
[CRAWLER][INFO] 2018-09-25 01:27:21,820 - Stock is not open on 2018-01-20.
[CRAWLER][INFO] 2018-09-25 01:27:22,035 - Stock is not open on 2018-01-21.
[CRAWLER][INFO] 2018-09-25 01:27:36,415 - Stock is not open on 2018-01-22.
[CRAWLER][INFO] 2018-09-25 01:27:55,657 - Stock is not open on 2018-01-23.
[CRAWLER][INFO] 2018-09-25 01:28:11,244 - Stock is not open on 2018-01-24.
[CRAWLER][INFO] 2018-09-25 01:28:29,612 - Stock is not open on 2018-01-25.
[CRAWLER][INFO] 2018-09-25 01:28:49,177 - Stock is not open on 2018-01-26.
[CRAWLER][INFO] 2018-09-25 01:28:49,412 - Stock is not open on 2018-01-27.
[CRAWLER][INFO] 2018-09-25 01:28:49,577 - Stock is not open on 2018-01-28.
[CRAWLER][INFO] 2018-09-25 01:29:06,968 - Stock is not open on 2018-01-29.
[CRAWLER][INFO] 2018-09-25 01:29:21,999 - Stock is not open on 2018-01-30.
[CRAWLER][INFO] 2018-09-25 01:29:41,355 - Stock is not open on 2018-01-31.
[CRAWLER][INFO] 2018-09-25 01:29:55,367 - Stock is not open on 2018-02-01.
[CRAWLER][INFO] 2018-09-25 01:30:13,187 - Stock is not open on 2018-02-02.
[CRAWLER][INFO] 2018-09-25 01:30:13,420 - Stock is not open on 2018-02-03.
[CRAWLER][INFO] 2018-09-25 01:30:13,603 - Stock is not open on 2018-02-04.
[CRAWLER][INFO] 2018-09-25 01:30:31,723 - Stock is not open on 2018-02-05.
[CRAWLER][INFO] 2018-09-25 01:30:46,187 - Stock is not open on 2018-02-06.
[CRAWLER][INFO] 2018-09-25 01:31:02,261 - Stock is not open on 2018-02-07.
[CRAWLER][INFO] 2018-09-25 01:31:16,608 - Stock is not open on 2018-02-08.
[CRAWLER][INFO] 2018-09-25 01:31:34,057 - Stock is not open on 2018-02-09.
[CRAWLER][INFO] 2018-09-25 01:31:34,289 - Stock is not open on 2018-02-10.
[CRAWLER][INFO] 2018-09-25 01:31:34,514 - Stock is not open on 2018-02-11.
[CRAWLER][INFO] 2018-09-25 01:31:53,151 - Stock is not open on 2018-02-12.
[CRAWLER][INFO] 2018-09-25 01:31:53,413 - Stock is not open on 2018-02-13.
[CRAWLER][INFO] 2018-09-25 01:31:53,557 - Stock is not open on 2018-02-14.
[CRAWLER][INFO] 2018-09-25 01:31:53,731 - Stock is not open on 2018-02-15.
[CRAWLER][INFO] 2018-09-25 01:31:53,894 - Stock is not open on 2018-02-16.
[CRAWLER][INFO] 2018-09-25 01:31:54,816 - Stock is not open on 2018-02-17.
[CRAWLER][INFO] 2018-09-25 01:31:54,980 - Stock is not open on 2018-02-18.
[CRAWLER][INFO] 2018-09-25 01:31:55,188 - Stock is not open on 2018-02-19.
[CRAWLER][INFO] 2018-09-25 01:31:55,755 - Stock is not open on 2018-02-20.
[CRAWLER][INFO] 2018-09-25 01:32:12,930 - Stock is not open on 2018-02-21.
[CRAWLER][INFO] 2018-09-25 01:32:28,768 - Stock is not open on 2018-02-22.
[CRAWLER][INFO] 2018-09-25 01:32:45,121 - Stock is not open on 2018-02-23.
[CRAWLER][INFO] 2018-09-25 01:32:45,350 - Stock is not open on 2018-02-24.
[CRAWLER][INFO] 2018-09-25 01:32:45,525 - Stock is not open on 2018-02-25.
[CRAWLER][INFO] 2018-09-25 01:33:02,098 - Stock is not open on 2018-02-26.
[CRAWLER][INFO] 2018-09-25 01:33:20,438 - Stock is not open on 2018-02-27.
[CRAWLER][INFO] 2018-09-25 01:33:20,656 - Stock is not open on 2018-02-28.
[CRAWLER][INFO] 2018-09-25 01:33:34,582 - Stock is not open on 2018-03-01.
[CRAWLER][INFO] 2018-09-25 01:33:52,997 - Stock is not open on 2018-03-02.
[CRAWLER][INFO] 2018-09-25 01:33:53,268 - Stock is not open on 2018-03-03.
[CRAWLER][INFO] 2018-09-25 01:33:53,447 - Stock is not open on 2018-03-04.
[CRAWLER][INFO] 2018-09-25 01:34:11,927 - Stock is not open on 2018-03-05.
[CRAWLER][INFO] 2018-09-25 01:34:26,927 - Stock is not open on 2018-03-06.
[CRAWLER][INFO] 2018-09-25 01:34:43,438 - Stock is not open on 2018-03-07.
[CRAWLER][INFO] 2018-09-25 01:35:02,124 - Stock is not open on 2018-03-08.
[CRAWLER][INFO] 2018-09-25 01:35:20,758 - Stock is not open on 2018-03-09.
[CRAWLER][INFO] 2018-09-25 01:35:21,013 - Stock is not open on 2018-03-10.
[CRAWLER][INFO] 2018-09-25 01:35:21,193 - Stock is not open on 2018-03-11.
[CRAWLER][INFO] 2018-09-25 01:35:22,612 - Stock is not open on 2018-03-12.
[CRAWLER][INFO] 2018-09-25 01:35:24,074 - Stock is not open on 2018-03-13.
[CRAWLER][INFO] 2018-09-25 01:35:25,470 - Stock is not open on 2018-03-14.
[CRAWLER][INFO] 2018-09-25 01:35:26,834 - Stock is not open on 2018-03-15.
[CRAWLER][INFO] 2018-09-25 01:35:28,212 - Stock is not open on 2018-03-16.
[CRAWLER][INFO] 2018-09-25 01:35:28,430 - Stock is not open on 2018-03-17.
[CRAWLER][INFO] 2018-09-25 01:35:28,633 - Stock is not open on 2018-03-18.
[CRAWLER][INFO] 2018-09-25 01:35:30,032 - Stock is not open on 2018-03-19.
[CRAWLER][INFO] 2018-09-25 01:35:31,478 - Stock is not open on 2018-03-20.
[CRAWLER][INFO] 2018-09-25 01:35:32,974 - Stock is not open on 2018-03-21.
[CRAWLER][INFO] 2018-09-25 01:35:34,452 - Stock is not open on 2018-03-22.
[CRAWLER][INFO] 2018-09-25 01:35:35,949 - Stock is not open on 2018-03-23.
[CRAWLER][INFO] 2018-09-25 01:35:36,141 - Stock is not open on 2018-03-24.
[CRAWLER][INFO] 2018-09-25 01:35:36,302 - Stock is not open on 2018-03-25.
[CRAWLER][INFO] 2018-09-25 01:35:37,664 - Stock is not open on 2018-03-26.
[CRAWLER][INFO] 2018-09-25 01:35:39,021 - Stock is not open on 2018-03-27.
[CRAWLER][INFO] 2018-09-25 01:35:40,582 - Stock is not open on 2018-03-28.
[CRAWLER][INFO] 2018-09-25 01:35:42,032 - Stock is not open on 2018-03-29.
[CRAWLER][INFO] 2018-09-25 01:35:43,480 - Stock is not open on 2018-03-30.
[CRAWLER][INFO] 2018-09-25 01:35:59,688 - Stock is not open on 2018-03-31.
[CRAWLER][INFO] 2018-09-25 01:36:00,066 - Stock is not open on 2018-04-01.
[CRAWLER][INFO] 2018-09-25 01:36:15,915 - Stock is not open on 2018-04-02.
[CRAWLER][INFO] 2018-09-25 01:36:30,361 - Stock is not open on 2018-04-03.
[CRAWLER][INFO] 2018-09-25 01:36:30,593 - Stock is not open on 2018-04-04.
[CRAWLER][INFO] 2018-09-25 01:36:30,791 - Stock is not open on 2018-04-05.
[CRAWLER][INFO] 2018-09-25 01:36:30,959 - Stock is not open on 2018-04-06.
[CRAWLER][INFO] 2018-09-25 01:36:31,141 - Stock is not open on 2018-04-07.
[CRAWLER][INFO] 2018-09-25 01:36:31,336 - Stock is not open on 2018-04-08.
[CRAWLER][INFO] 2018-09-25 01:36:50,571 - Stock is not open on 2018-04-09.
[CRAWLER][INFO] 2018-09-25 01:37:04,660 - Stock is not open on 2018-04-10.
[CRAWLER][INFO] 2018-09-25 01:37:19,478 - Stock is not open on 2018-04-11.
[CRAWLER][INFO] 2018-09-25 01:37:37,368 - Stock is not open on 2018-04-12.
[CRAWLER][INFO] 2018-09-25 01:37:52,752 - Stock is not open on 2018-04-13.
[CRAWLER][INFO] 2018-09-25 01:37:52,978 - Stock is not open on 2018-04-14.
[CRAWLER][INFO] 2018-09-25 01:37:53,187 - Stock is not open on 2018-04-15.
[CRAWLER][INFO] 2018-09-25 01:38:09,159 - Stock is not open on 2018-04-16.
[CRAWLER][INFO] 2018-09-25 01:38:25,110 - Stock is not open on 2018-04-17.
[CRAWLER][INFO] 2018-09-25 01:38:43,956 - Stock is not open on 2018-04-18.
[CRAWLER][INFO] 2018-09-25 01:39:02,269 - Stock is not open on 2018-04-19.
[CRAWLER][INFO] 2018-09-25 01:39:18,640 - Stock is not open on 2018-04-20.
[CRAWLER][INFO] 2018-09-25 01:39:18,958 - Stock is not open on 2018-04-21.
[CRAWLER][INFO] 2018-09-25 01:39:19,150 - Stock is not open on 2018-04-22.
[CRAWLER][INFO] 2018-09-25 01:39:34,119 - Stock is not open on 2018-04-23.
[CRAWLER][INFO] 2018-09-25 01:39:48,381 - Stock is not open on 2018-04-24.
[CRAWLER][INFO] 2018-09-25 01:40:03,071 - Stock is not open on 2018-04-25.
[CRAWLER][INFO] 2018-09-25 01:40:22,391 - Stock is not open on 2018-04-26.
[CRAWLER][INFO] 2018-09-25 01:40:35,719 - Stock is not open on 2018-04-27.
[CRAWLER][INFO] 2018-09-25 01:40:35,966 - Stock is not open on 2018-04-28.
[CRAWLER][INFO] 2018-09-25 01:40:36,147 - Stock is not open on 2018-04-29.
[CRAWLER][INFO] 2018-09-25 01:40:54,153 - Stock is not open on 2018-04-30.
[CRAWLER][INFO] 2018-09-25 01:40:54,356 - Stock is not open on 2018-05-01.
[CRAWLER][INFO] 2018-09-25 01:41:09,660 - Stock is not open on 2018-05-02.
[CRAWLER][INFO] 2018-09-25 01:41:25,299 - Stock is not open on 2018-05-03.
[CRAWLER][INFO] 2018-09-25 01:41:41,588 - Stock is not open on 2018-05-04.
[CRAWLER][INFO] 2018-09-25 01:41:41,790 - Stock is not open on 2018-05-05.
[CRAWLER][INFO] 2018-09-25 01:41:41,969 - Stock is not open on 2018-05-06.
[CRAWLER][INFO] 2018-09-25 01:41:58,135 - Stock is not open on 2018-05-07.
[CRAWLER][INFO] 2018-09-25 01:42:12,700 - Stock is not open on 2018-05-08.
[CRAWLER][INFO] 2018-09-25 01:42:32,068 - Stock is not open on 2018-05-09.
[CRAWLER][INFO] 2018-09-25 01:42:48,900 - Stock is not open on 2018-05-10.
[CRAWLER][INFO] 2018-09-25 01:43:03,242 - Stock is not open on 2018-05-11.
[CRAWLER][INFO] 2018-09-25 01:43:03,456 - Stock is not open on 2018-05-12.
[CRAWLER][INFO] 2018-09-25 01:43:03,649 - Stock is not open on 2018-05-13.
[CRAWLER][INFO] 2018-09-25 01:43:20,157 - Stock is not open on 2018-05-14.
[CRAWLER][INFO] 2018-09-25 01:43:39,407 - Stock is not open on 2018-05-15.
[CRAWLER][INFO] 2018-09-25 01:43:56,460 - Stock is not open on 2018-05-16.
[CRAWLER][INFO] 2018-09-25 01:44:13,729 - Stock is not open on 2018-05-17.
[CRAWLER][INFO] 2018-09-25 01:44:31,620 - Stock is not open on 2018-05-18.
[CRAWLER][INFO] 2018-09-25 01:44:31,884 - Stock is not open on 2018-05-19.
[CRAWLER][INFO] 2018-09-25 01:44:32,077 - Stock is not open on 2018-05-20.
[CRAWLER][INFO] 2018-09-25 01:44:47,229 - Stock is not open on 2018-05-21.
[CRAWLER][INFO] 2018-09-25 01:45:02,140 - Stock is not open on 2018-05-22.
[CRAWLER][INFO] 2018-09-25 01:45:18,210 - Stock is not open on 2018-05-23.
[CRAWLER][INFO] 2018-09-25 01:45:35,280 - Stock is not open on 2018-05-24.
[CRAWLER][INFO] 2018-09-25 01:45:50,188 - Stock is not open on 2018-05-25.
[CRAWLER][INFO] 2018-09-25 01:45:50,463 - Stock is not open on 2018-05-26.
[CRAWLER][INFO] 2018-09-25 01:45:50,649 - Stock is not open on 2018-05-27.
[CRAWLER][INFO] 2018-09-25 01:46:04,839 - Stock is not open on 2018-05-28.
[CRAWLER][INFO] 2018-09-25 01:46:19,375 - Stock is not open on 2018-05-29.
[CRAWLER][INFO] 2018-09-25 01:46:35,675 - Stock is not open on 2018-05-30.
[CRAWLER][INFO] 2018-09-25 01:46:54,976 - Stock is not open on 2018-05-31.
[CRAWLER][INFO] 2018-09-25 01:47:10,096 - Stock is not open on 2018-06-01.
[CRAWLER][INFO] 2018-09-25 01:47:10,333 - Stock is not open on 2018-06-02.
[CRAWLER][INFO] 2018-09-25 01:47:10,549 - Stock is not open on 2018-06-03.
[CRAWLER][INFO] 2018-09-25 01:47:26,101 - Stock is not open on 2018-06-04.
[CRAWLER][INFO] 2018-09-25 01:47:42,350 - Stock is not open on 2018-06-05.
[CRAWLER][INFO] 2018-09-25 01:47:59,980 - Stock is not open on 2018-06-06.
[CRAWLER][INFO] 2018-09-25 01:48:14,851 - Stock is not open on 2018-06-07.
[CRAWLER][INFO] 2018-09-25 01:48:33,075 - Stock is not open on 2018-06-08.
[CRAWLER][INFO] 2018-09-25 01:48:33,325 - Stock is not open on 2018-06-09.
[CRAWLER][INFO] 2018-09-25 01:48:33,504 - Stock is not open on 2018-06-10.
[CRAWLER][INFO] 2018-09-25 01:48:50,210 - Stock is not open on 2018-06-11.
[CRAWLER][INFO] 2018-09-25 01:49:05,777 - Stock is not open on 2018-06-12.
[CRAWLER][INFO] 2018-09-25 01:49:21,479 - Stock is not open on 2018-06-13.
[CRAWLER][INFO] 2018-09-25 01:49:35,514 - Stock is not open on 2018-06-14.
[CRAWLER][INFO] 2018-09-25 01:49:51,781 - Stock is not open on 2018-06-15.
[CRAWLER][INFO] 2018-09-25 01:49:52,024 - Stock is not open on 2018-06-16.
[CRAWLER][INFO] 2018-09-25 01:49:52,283 - Stock is not open on 2018-06-17.
[CRAWLER][INFO] 2018-09-25 01:49:52,489 - Stock is not open on 2018-06-18.
[CRAWLER][INFO] 2018-09-25 01:50:09,209 - Stock is not open on 2018-06-19.
[CRAWLER][INFO] 2018-09-25 01:50:23,429 - Stock is not open on 2018-06-20.
[CRAWLER][INFO] 2018-09-25 01:50:37,060 - Stock is not open on 2018-06-21.
[CRAWLER][INFO] 2018-09-25 01:50:51,531 - Stock is not open on 2018-06-22.
[CRAWLER][INFO] 2018-09-25 01:50:51,762 - Stock is not open on 2018-06-23.
[CRAWLER][INFO] 2018-09-25 01:50:51,943 - Stock is not open on 2018-06-24.
[CRAWLER][INFO] 2018-09-25 01:51:09,271 - Stock is not open on 2018-06-25.
[CRAWLER][INFO] 2018-09-25 01:51:24,131 - Stock is not open on 2018-06-26.
[CRAWLER][INFO] 2018-09-25 01:51:40,031 - Stock is not open on 2018-06-27.
[CRAWLER][INFO] 2018-09-25 01:51:56,041 - Stock is not open on 2018-06-28.
[CRAWLER][INFO] 2018-09-25 01:52:10,346 - Stock is not open on 2018-06-29.
[CRAWLER][INFO] 2018-09-25 01:52:10,584 - Stock is not open on 2018-06-30.
[CRAWLER][INFO] 2018-09-25 01:52:10,757 - Stock is not open on 2018-07-01.
[CRAWLER][INFO] 2018-09-25 01:52:25,864 - Stock is not open on 2018-07-02.
[CRAWLER][INFO] 2018-09-25 01:52:40,861 - Stock is not open on 2018-07-03.
[CRAWLER][INFO] 2018-09-25 01:52:58,431 - Stock is not open on 2018-07-04.
[CRAWLER][INFO] 2018-09-25 01:53:16,961 - Stock is not open on 2018-07-05.
[CRAWLER][INFO] 2018-09-25 01:53:32,790 - Stock is not open on 2018-07-06.
[CRAWLER][INFO] 2018-09-25 01:53:33,052 - Stock is not open on 2018-07-07.
[CRAWLER][INFO] 2018-09-25 01:53:33,282 - Stock is not open on 2018-07-08.
[CRAWLER][INFO] 2018-09-25 01:53:50,209 - Stock is not open on 2018-07-09.
[CRAWLER][INFO] 2018-09-25 01:54:05,161 - Stock is not open on 2018-07-10.
[CRAWLER][INFO] 2018-09-25 01:54:23,184 - Stock is not open on 2018-07-11.
[CRAWLER][INFO] 2018-09-25 01:54:38,135 - Stock is not open on 2018-07-12.
[CRAWLER][INFO] 2018-09-25 01:54:54,632 - Stock is not open on 2018-07-13.
[CRAWLER][INFO] 2018-09-25 01:54:54,928 - Stock is not open on 2018-07-14.
[CRAWLER][INFO] 2018-09-25 01:54:55,119 - Stock is not open on 2018-07-15.
[CRAWLER][INFO] 2018-09-25 01:55:09,314 - Stock is not open on 2018-07-16.
[CRAWLER][INFO] 2018-09-25 01:55:26,015 - Stock is not open on 2018-07-17.
[CRAWLER][INFO] 2018-09-25 01:55:40,608 - Stock is not open on 2018-07-18.
[CRAWLER][INFO] 2018-09-25 01:55:42,098 - Stock is not open on 2018-07-19.
[CRAWLER][INFO] 2018-09-25 01:55:43,533 - Stock is not open on 2018-07-20.
[CRAWLER][INFO] 2018-09-25 01:55:43,782 - Stock is not open on 2018-07-21.
[CRAWLER][INFO] 2018-09-25 01:55:44,022 - Stock is not open on 2018-07-22.
[CRAWLER][INFO] 2018-09-25 01:55:45,393 - Stock is not open on 2018-07-23.
[CRAWLER][INFO] 2018-09-25 01:55:46,886 - Stock is not open on 2018-07-24.
[CRAWLER][INFO] 2018-09-25 01:55:48,330 - Stock is not open on 2018-07-25.
[CRAWLER][INFO] 2018-09-25 01:55:49,791 - Stock is not open on 2018-07-26.
[CRAWLER][INFO] 2018-09-25 01:55:51,267 - Stock is not open on 2018-07-27.
[CRAWLER][INFO] 2018-09-25 01:55:51,475 - Stock is not open on 2018-07-28.
[CRAWLER][INFO] 2018-09-25 01:55:51,672 - Stock is not open on 2018-07-29.
[CRAWLER][INFO] 2018-09-25 01:55:53,065 - Stock is not open on 2018-07-30.
[CRAWLER][INFO] 2018-09-25 01:55:54,473 - Stock is not open on 2018-07-31.
[CRAWLER][INFO] 2018-09-25 01:55:55,932 - Stock is not open on 2018-08-01.
[CRAWLER][INFO] 2018-09-25 01:55:57,325 - Stock is not open on 2018-08-02.
[CRAWLER][INFO] 2018-09-25 01:55:58,896 - Stock is not open on 2018-08-03.
[CRAWLER][INFO] 2018-09-25 01:55:59,085 - Stock is not open on 2018-08-04.
[CRAWLER][INFO] 2018-09-25 01:55:59,260 - Stock is not open on 2018-08-05.
[CRAWLER][INFO] 2018-09-25 01:56:00,704 - Stock is not open on 2018-08-06.
[CRAWLER][INFO] 2018-09-25 01:56:02,097 - Stock is not open on 2018-08-07.
[CRAWLER][INFO] 2018-09-25 01:56:03,499 - Stock is not open on 2018-08-08.
[CRAWLER][INFO] 2018-09-25 01:56:04,907 - Stock is not open on 2018-08-09.
[CRAWLER][INFO] 2018-09-25 01:56:06,391 - Stock is not open on 2018-08-10.
[CRAWLER][INFO] 2018-09-25 01:56:06,621 - Stock is not open on 2018-08-11.
[CRAWLER][INFO] 2018-09-25 01:56:07,479 - Stock is not open on 2018-08-12.
[CRAWLER][INFO] 2018-09-25 01:56:08,952 - Stock is not open on 2018-08-13.
[CRAWLER][INFO] 2018-09-25 01:56:22,769 - Stock is not open on 2018-08-14.
[CRAWLER][INFO] 2018-09-25 01:56:38,083 - Stock is not open on 2018-08-15.
[CRAWLER][INFO] 2018-09-25 01:56:54,712 - Stock is not open on 2018-08-16.
[CRAWLER][INFO] 2018-09-25 01:57:09,932 - Stock is not open on 2018-08-17.
[CRAWLER][INFO] 2018-09-25 01:57:10,144 - Stock is not open on 2018-08-18.
[CRAWLER][INFO] 2018-09-25 01:57:10,344 - Stock is not open on 2018-08-19.
[CRAWLER][INFO] 2018-09-25 01:57:26,277 - Stock is not open on 2018-08-20.
[CRAWLER][INFO] 2018-09-25 01:57:46,254 - Stock is not open on 2018-08-21.
[CRAWLER][INFO] 2018-09-25 01:58:02,446 - Stock is not open on 2018-08-22.
[CRAWLER][INFO] 2018-09-25 01:58:17,405 - Stock is not open on 2018-08-23.
[CRAWLER][INFO] 2018-09-25 01:58:32,706 - Stock is not open on 2018-08-24.
[CRAWLER][INFO] 2018-09-25 01:58:33,404 - Stock is not open on 2018-08-25.
[CRAWLER][INFO] 2018-09-25 01:58:33,616 - Stock is not open on 2018-08-26.
[CRAWLER][INFO] 2018-09-25 01:58:49,251 - Stock is not open on 2018-08-27.
[CRAWLER][INFO] 2018-09-25 01:59:04,060 - Stock is not open on 2018-08-28.
[CRAWLER][INFO] 2018-09-25 01:59:18,892 - Stock is not open on 2018-08-29.
[CRAWLER][INFO] 2018-09-25 01:59:34,278 - Stock is not open on 2018-08-30.
[CRAWLER][INFO] 2018-09-25 01:59:50,298 - Stock is not open on 2018-08-31.
[CRAWLER][INFO] 2018-09-25 01:59:50,512 - Stock is not open on 2018-09-01.
[CRAWLER][INFO] 2018-09-25 01:59:50,710 - Stock is not open on 2018-09-02.
[CRAWLER][INFO] 2018-09-25 02:00:06,681 - Stock is not open on 2018-09-03.
[CRAWLER][INFO] 2018-09-25 02:00:23,502 - Stock is not open on 2018-09-04.
[CRAWLER][INFO] 2018-09-25 02:00:43,520 - Stock is not open on 2018-09-05.
[CRAWLER][INFO] 2018-09-25 02:00:59,713 - Stock is not open on 2018-09-06.
[CRAWLER][INFO] 2018-09-25 02:01:14,140 - Stock is not open on 2018-09-07.
[CRAWLER][INFO] 2018-09-25 02:01:14,332 - Stock is not open on 2018-09-08.
[CRAWLER][INFO] 2018-09-25 02:01:14,551 - Stock is not open on 2018-09-09.
[CRAWLER][INFO] 2018-09-25 02:01:33,010 - Stock is not open on 2018-09-10.
[CRAWLER][INFO] 2018-09-25 02:01:48,132 - Stock is not open on 2018-09-11.
[CRAWLER][INFO] 2018-09-25 02:02:05,971 - Stock is not open on 2018-09-12.
[CRAWLER][INFO] 2018-09-25 02:02:24,308 - Stock is not open on 2018-09-13.
[CRAWLER][INFO] 2018-09-25 02:02:37,662 - Stock is not open on 2018-09-14.
[CRAWLER][INFO] 2018-09-25 02:02:37,913 - Stock is not open on 2018-09-15.
[CRAWLER][INFO] 2018-09-25 02:02:38,205 - Stock is not open on 2018-09-16.
[CRAWLER][INFO] 2018-09-25 02:02:53,922 - Stock is not open on 2018-09-17.
[CRAWLER][INFO] 2018-09-25 02:03:11,502 - Stock is not open on 2018-09-18.
[CRAWLER][INFO] 2018-09-25 02:03:29,942 - Stock is not open on 2018-09-19.
[CRAWLER][INFO] 2018-09-25 02:03:47,684 - Stock is not open on 2018-09-20.
[CRAWLER][INFO] 2018-09-25 02:04:04,824 - Stock is not open on 2018-09-21.
[CRAWLER][INFO] 2018-09-25 02:04:05,053 - Stock is not open on 2018-09-22.
[CRAWLER][INFO] 2018-09-25 02:04:05,234 - Stock is not open on 2018-09-23.
[CRAWLER][INFO] 2018-09-25 02:04:05,405 - Stock is not open on 2018-09-24.
[CRAWLER][INFO] 2018-09-25 02:04:05,818 - Stock is not open on 2018-09-25.
